<?xml version="1.0" encoding="UTF-8"?>
<testsuite xmlns:xsi="http://www.w3.org/2001/XMLSchema-instance" xsi:noNamespaceSchemaLocation="https://maven.apache.org/surefire/maven-surefire-plugin/xsd/surefire-test-report.xsd" name="ru.job4j.cinema.controller.FileControllerTest" time="0.803" tests="2" errors="0" skipped="0" failures="0">
  <properties>
[...]
</properties>
  <testcase name="whenGetNotId" classname="ru.job4j.cinema.controller.FileControllerTest" time="0.789"/>
  <testcase name="whenGetId" classname="ru.job4j.cinema.controller.FileControllerTest" time="0.003"/>
</testsuite>